<?xml version="1.0" encoding="UTF-8" ?>
<testsuites>
  <testsuite errors="0" failures="0" hostname="Proyectos-PC" id="0" name="CanchaControllerSpec" package="futbol5" tests="2" time="5.435" timestamp="2015-04-26T21:19:55">
      <properties />

      <testcase classname="futbol5.CanchaControllerSpec" name="test hello" time="5.264" />

      <testcase classname="futbol5.CanchaControllerSpec" name="test index" time="0.08" />

      <system-out><![CDATA[--Output from test hello--
--Output from test index--
]]></system-out>

      <system-err><![CDATA[--Output from test hello--
--Output from test index--
]]></system-err>

  </testsuite>
</testsuites>
