<?xml version="1.0" encoding="UTF-8" ?>
<testsuites>
  <testsuite errors="0" failures="1" hostname="MacBook-Pro-de-Yanina.local" id="0" name="CanchaPersistenceSpec" package="futbol5" tests="1" time="0.029" timestamp="2015-05-04T19:59:01">
      <properties />

      <testcase classname="futbol5.CanchaPersistenceSpec" name="crud de canchas" time="0.029">
          <failure message="Condition not satisfied:&#xa;&#xa;canchaService.list().size() == count + 1&#xa;|             |      |      |  |     |&#xa;|             []     0      |  0     1&#xa;|                           false&#xa;futbol5.CanchaService@21e60eed&#xa;" type="junit.framework.AssertionFailedError">junit.framework.AssertionFailedError: Condition not satisfied:

canchaService.list().size() == count + 1
|             |      |      |  |     |
|             []     0      |  0     1
|                           false
futbol5.CanchaService@21e60eed

	at futbol5.CanchaPersistenceSpec.crud de canchas(CanchaPersistenceSpec.groovy:33)
</failure>

      </testcase>

      <system-out><![CDATA[--Output from crud de canchas--
]]></system-out>

      <system-err><![CDATA[--Output from crud de canchas--
]]></system-err>

  </testsuite>
  <testsuite errors="0" failures="0" hostname="MacBook-Pro-de-Yanina.local" id="1" name="CanchaControllerSpec" package="futbol5" tests="3" time="0.211" timestamp="2015-05-04T19:59:00">
      <properties />

      <testcase classname="futbol5.CanchaControllerSpec" name="listado de canchas" time="0.162" />

      <testcase classname="futbol5.CanchaControllerSpec" name="crear cancha" time="0.017" />

      <testcase classname="futbol5.CanchaControllerSpec" name="borrar cancha" time="0.017" />

      <system-out><![CDATA[--Output from listado de canchas--
--Output from crear cancha--
--Output from borrar cancha--
]]></system-out>

      <system-err><![CDATA[--Output from listado de canchas--
--Output from crear cancha--
--Output from borrar cancha--
]]></system-err>

  </testsuite>
  <testsuite errors="0" failures="0" hostname="MacBook-Pro-de-Yanina.local" id="2" name="CanchaSpec" package="futbol5" tests="1" time="0.054" timestamp="2015-05-04T19:59:00">
      <properties />

      <testcase classname="futbol5.CanchaSpec" name="Ningun dato de la cancha puede ser nulo" time="0.05" />

      <system-out><![CDATA[--Output from Ningun dato de la cancha puede ser nulo--
]]></system-out>

      <system-err><![CDATA[--Output from Ningun dato de la cancha puede ser nulo--
]]></system-err>

  </testsuite>
</testsuites>
