<?xml version="1.0" encoding="UTF-8" ?>
<testsuites>
  <testsuite errors="0" failures="0" hostname="Proyectos-PC" id="0" name="CanchaControllerSpec" package="futbol5" tests="2" time="3.523" timestamp="2015-04-26T22:51:21">
      <properties />

      <testcase classname="futbol5.CanchaControllerSpec" name="test hello" time="3.433" />

      <testcase classname="futbol5.CanchaControllerSpec" name="test index" time="0.05" />

      <system-out><![CDATA[--Output from test hello--
--Output from test index--
]]></system-out>

      <system-err><![CDATA[--Output from test hello--
--Output from test index--
]]></system-err>

  </testsuite>
  <testsuite errors="0" failures="0" hostname="Proyectos-PC" id="1" name="CanchaSpec" package="futbol5" tests="1" time="1.743" timestamp="2015-04-26T22:51:24">
      <properties />

      <testcase classname="futbol5.CanchaSpec" name="Ningun dato de la cancha puede ser nulo" time="1.713" />

      <system-out><![CDATA[--Output from Ningun dato de la cancha puede ser nulo--
]]></system-out>

      <system-err><![CDATA[--Output from Ningun dato de la cancha puede ser nulo--
]]></system-err>

  </testsuite>
</testsuites>
