<?xml version="1.0" encoding="UTF-8" ?>
<testsuites>
  <testsuite errors="1" failures="0" hostname="Proyectos-PC" id="0" name="Filter" package="org.junit.runner.manipulation" tests="1" time="0.027" timestamp="2015-04-26T20:53:20">
      <properties />

      <testcase classname="org.junit.runner.manipulation.Filter" name="initializationError" time="0.026">
          <error message="No tests found matching grails test target pattern filter from org.junit.runner.Request$1@1c3cda" type="java.lang.Exception">java.lang.Exception: No tests found matching grails test target pattern filter from org.junit.runner.Request$1@1c3cda
</error>

      </testcase>

      <system-out><![CDATA[--Output from initializationError--
]]></system-out>

      <system-err><![CDATA[--Output from initializationError--
]]></system-err>

  </testsuite>
</testsuites>
