<?xml version="1.0" encoding="UTF-8" ?>
<testsuites>
  <testsuite errors="0" failures="0" hostname="MacBook-Pro-de-Yanina.local" id="0" name="CanchaPersistenceSpec" package="futbol5" tests="1" time="0.216" timestamp="2015-06-08T21:21:09">
      <properties />

      <testcase classname="futbol5.CanchaPersistenceSpec" name="crud de canchas" time="0.216" />

      <system-out><![CDATA[--Output from crud de canchas--
]]></system-out>

      <system-err><![CDATA[--Output from crud de canchas--
]]></system-err>

  </testsuite>
  <testsuite errors="0" failures="0" hostname="MacBook-Pro-de-Yanina.local" id="1" name="CanchaControllerSpec" package="futbol5" tests="3" time="3.157" timestamp="2015-06-08T21:21:00">
      <properties />

      <testcase classname="futbol5.CanchaControllerSpec" name="listado de canchas" time="3.044" />

      <testcase classname="futbol5.CanchaControllerSpec" name="crear cancha" time="0.051" />

      <testcase classname="futbol5.CanchaControllerSpec" name="borrar cancha" time="0.033" />

      <system-out><![CDATA[--Output from listado de canchas--
--Output from crear cancha--
--Output from borrar cancha--
]]></system-out>

      <system-err><![CDATA[--Output from listado de canchas--
--Output from crear cancha--
--Output from borrar cancha--
]]></system-err>

  </testsuite>
  <testsuite errors="0" failures="0" hostname="MacBook-Pro-de-Yanina.local" id="2" name="CanchaSpec" package="futbol5" tests="1" time="0.083" timestamp="2015-06-08T21:21:04">
      <properties />

      <testcase classname="futbol5.CanchaSpec" name="Ningun dato de la cancha puede ser nulo" time="0.078" />

      <system-out><![CDATA[--Output from Ningun dato de la cancha puede ser nulo--
]]></system-out>

      <system-err><![CDATA[--Output from Ningun dato de la cancha puede ser nulo--
]]></system-err>

  </testsuite>
  <testsuite errors="0" failures="0" hostname="MacBook-Pro-de-Yanina.local" id="3" name="UsuarioControllerSpec" package="futbol5" tests="3" time="0.694" timestamp="2015-06-08T21:21:04">
      <properties />

      <testcase classname="futbol5.UsuarioControllerSpec" name="listado de usuarios" time="0.648" />

      <testcase classname="futbol5.UsuarioControllerSpec" name="crear usuario" time="0.019" />

      <testcase classname="futbol5.UsuarioControllerSpec" name="borrar usuario" time="0.019" />

      <system-out><![CDATA[--Output from listado de usuarios--
--Output from crear usuario--
--Output from borrar usuario--
]]></system-out>

      <system-err><![CDATA[--Output from listado de usuarios--
--Output from crear usuario--
--Output from borrar usuario--
]]></system-err>

  </testsuite>
</testsuites>
