<?xml version="1.0" encoding="UTF-8" ?>
<testsuites>
  <testsuite errors="1" failures="0" hostname="Proyectos-PC" id="0" name="CanchaControllerSpec" package="futbol5" tests="1" time="9.059" timestamp="2015-05-04T02:43:14">
      <properties />

      <testcase classname="futbol5.CanchaControllerSpec" name="listado de canchas" time="8.98">
          <error message="No signature of method: futbol5.CanchaControllerSpec.$() is applicable for argument types: (futbol5.CanchaControllerSpec$_spock_feature_0_0_closure1_closure3) values: [futbol5.CanchaControllerSpec$_spock_feature_0_0_closure1_closure3@111620a]&#xa;Possible solutions: is(java.lang.Object), Spy(), any(), Spy(groovy.lang.Closure), Spy(java.lang.Class), Spy(java.util.Map)" type="groovy.lang.MissingMethodException">groovy.lang.MissingMethodException: No signature of method: futbol5.CanchaControllerSpec.$() is applicable for argument types: (futbol5.CanchaControllerSpec$_spock_feature_0_0_closure1_closure3) values: [futbol5.CanchaControllerSpec$_spock_feature_0_0_closure1_closure3@111620a]
Possible solutions: is(java.lang.Object), Spy(), any(), Spy(groovy.lang.Closure), Spy(java.lang.Class), Spy(java.util.Map)
	at futbol5.CanchaControllerSpec.listado de canchas_closure1(CanchaControllerSpec.groovy:25)
	at futbol5.CanchaControllerSpec.listado de canchas(CanchaControllerSpec.groovy:20)
</error>

      </testcase>

      <system-out><![CDATA[--Output from listado de canchas--
]]></system-out>

      <system-err><![CDATA[--Output from listado de canchas--
]]></system-err>

  </testsuite>
  <testsuite errors="0" failures="0" hostname="Proyectos-PC" id="1" name="CanchaSpec" package="futbol5" tests="1" time="4.811" timestamp="2015-05-04T02:43:23">
      <properties />

      <testcase classname="futbol5.CanchaSpec" name="Ningun dato de la cancha puede ser nulo" time="4.746" />

      <system-out><![CDATA[--Output from Ningun dato de la cancha puede ser nulo--
]]></system-out>

      <system-err><![CDATA[--Output from Ningun dato de la cancha puede ser nulo--
]]></system-err>

  </testsuite>
</testsuites>
